<?xml version="1.0" encoding="UTF-8"?>
<coverage generated="1647053073894" clover="3.2.0">
  <project timestamp="1647053073894" name="All files">
    <metrics statements="35" coveredstatements="16" conditionals="6" coveredconditionals="3" methods="11" coveredmethods="4" elements="52" coveredelements="23" complexity="0" loc="35" ncloc="35" packages="7" files="13" classes="13"/>
    <package name="CodeChallenge">
      <metrics statements="12" coveredstatements="0" conditionals="2" coveredconditionals="0" methods="3" coveredmethods="0"/>
      <file name="App.js" path="E:\ReactNative\FMClarity\CodeChallenge\App.js">
        <metrics statements="8" coveredstatements="0" conditionals="2" coveredconditionals="0" methods="3" coveredmethods="0"/>
        <line num="16" count="0" type="stmt"/>
        <line num="17" count="0" type="cond" truecount="0" falsecount="2"/>
        <line num="18" count="0" type="stmt"/>
        <line num="19" count="0" type="stmt"/>
        <line num="24" count="0" type="stmt"/>
        <line num="29" count="0" type="stmt"/>
        <line num="36" count="0" type="stmt"/>
        <line num="45" count="0" type="stmt"/>
      </file>
      <file name="index.js" path="E:\ReactNative\FMClarity\CodeChallenge\index.js">
        <metrics statements="1" coveredstatements="0" conditionals="0" coveredconditionals="0" methods="0" coveredmethods="0"/>
        <line num="8" count="0" type="stmt"/>
      </file>
      <file name="metro.config.js" path="E:\ReactNative\FMClarity\CodeChallenge\metro.config.js">
        <metrics statements="3" coveredstatements="0" conditionals="0" coveredconditionals="0" methods="0" coveredmethods="0"/>
        <line num="1" count="0" type="stmt"/>
        <line num="2" count="0" type="stmt"/>
        <line num="3" count="0" type="stmt"/>
      </file>
    </package>
    <package name="CodeChallenge.src.components">
      <metrics statements="2" coveredstatements="2" conditionals="0" coveredconditionals="0" methods="2" coveredmethods="2"/>
      <file name="error.js" path="E:\ReactNative\FMClarity\CodeChallenge\src\components\error.js">
        <metrics statements="1" coveredstatements="1" conditionals="0" coveredconditionals="0" methods="1" coveredmethods="1"/>
        <line num="4" count="4" type="stmt"/>
      </file>
      <file name="loading.js" path="E:\ReactNative\FMClarity\CodeChallenge\src\components\loading.js">
        <metrics statements="1" coveredstatements="1" conditionals="0" coveredconditionals="0" methods="1" coveredmethods="1"/>
        <line num="4" count="4" type="stmt"/>
      </file>
      <file name="qrcode.js" path="E:\ReactNative\FMClarity\CodeChallenge\src\components\qrcode.js">
        <metrics statements="0" coveredstatements="0" conditionals="0" coveredconditionals="0" methods="0" coveredmethods="0"/>
      </file>
    </package>
    <package name="CodeChallenge.src.data">
      <metrics statements="1" coveredstatements="1" conditionals="0" coveredconditionals="0" methods="0" coveredmethods="0"/>
      <file name="data.js" path="E:\ReactNative\FMClarity\CodeChallenge\src\data\data.js">
        <metrics statements="1" coveredstatements="1" conditionals="0" coveredconditionals="0" methods="0" coveredmethods="0"/>
        <line num="2" count="1" type="stmt"/>
      </file>
    </package>
    <package name="CodeChallenge.src.graphql">
      <metrics statements="1" coveredstatements="1" conditionals="0" coveredconditionals="0" methods="0" coveredmethods="0"/>
      <file name="mutation.js" path="E:\ReactNative\FMClarity\CodeChallenge\src\graphql\mutation.js">
        <metrics statements="0" coveredstatements="0" conditionals="0" coveredconditionals="0" methods="0" coveredmethods="0"/>
      </file>
      <file name="query.js" path="E:\ReactNative\FMClarity\CodeChallenge\src\graphql\query.js">
        <metrics statements="1" coveredstatements="1" conditionals="0" coveredconditionals="0" methods="0" coveredmethods="0"/>
        <line num="7" count="1" type="stmt"/>
      </file>
    </package>
    <package name="CodeChallenge.src.navigation">
      <metrics statements="3" coveredstatements="0" conditionals="0" coveredconditionals="0" methods="1" coveredmethods="0"/>
      <file name="contractor_detail_navigation.js" path="E:\ReactNative\FMClarity\CodeChallenge\src\navigation\contractor_detail_navigation.js">
        <metrics statements="3" coveredstatements="0" conditionals="0" coveredconditionals="0" methods="1" coveredmethods="0"/>
        <line num="6" count="0" type="stmt"/>
        <line num="8" count="0" type="stmt"/>
        <line num="9" count="0" type="stmt"/>
      </file>
    </package>
    <package name="CodeChallenge.src.screens">
      <metrics statements="15" coveredstatements="11" conditionals="4" coveredconditionals="3" methods="5" coveredmethods="2"/>
      <file name="contractor_detail_screen.js" path="E:\ReactNative\FMClarity\CodeChallenge\src\screens\contractor_detail_screen.js">
        <metrics statements="4" coveredstatements="4" conditionals="0" coveredconditionals="0" methods="1" coveredmethods="1"/>
        <line num="12" count="1" type="stmt"/>
        <line num="13" count="1" type="stmt"/>
        <line num="14" count="1" type="stmt"/>
        <line num="24" count="1" type="stmt"/>
      </file>
      <file name="contractor_list_screen.js" path="E:\ReactNative\FMClarity\CodeChallenge\src\screens\contractor_list_screen.js">
        <metrics statements="11" coveredstatements="7" conditionals="4" coveredconditionals="3" methods="4" coveredmethods="1"/>
        <line num="20" count="1" type="stmt"/>
        <line num="22" count="6" type="stmt"/>
        <line num="23" count="6" type="cond" truecount="2" falsecount="0"/>
        <line num="24" count="3" type="stmt"/>
        <line num="27" count="3" type="cond" truecount="1" falsecount="1"/>
        <line num="28" count="3" type="stmt"/>
        <line num="30" count="0" type="stmt"/>
        <line num="32" count="0" type="stmt"/>
        <line num="40" count="0" type="stmt"/>
        <line num="42" count="0" type="stmt"/>
        <line num="59" count="1" type="stmt"/>
      </file>
    </package>
    <package name="CodeChallenge.src.utils">
      <metrics statements="1" coveredstatements="1" conditionals="0" coveredconditionals="0" methods="0" coveredmethods="0"/>
      <file name="constants.js" path="E:\ReactNative\FMClarity\CodeChallenge\src\utils\constants.js">
        <metrics statements="1" coveredstatements="1" conditionals="0" coveredconditionals="0" methods="0" coveredmethods="0"/>
        <line num="1" count="2" type="stmt"/>
      </file>
    </package>
  </project>
</coverage>
