{"E:\\ReactNative\\FMClarity\\CodeChallenge\\App.js": {"path":"E:\\ReactNative\\FMClarity\\CodeChallenge\\App.js","statementMap":{"0":{"start":{"line":16,"column":18},"end":{"line":22,"column":2}},"1":{"start":{"line":17,"column":2},"end":{"line":21,"column":3}},"2":{"start":{"line":18,"column":4},"end":{"line":20,"column":7}},"3":{"start":{"line":19,"column":6},"end":{"line":19,"column":40}},"4":{"start":{"line":24,"column":13},"end":{"line":27,"column":2}},"5":{"start":{"line":29,"column":15},"end":{"line":32,"column":2}},"6":{"start":{"line":36,"column":2},"end":{"line":42,"column":4}},"7":{"start":{"line":45,"column":15},"end":{"line":52,"column":2}}},"fnMap":{"0":{"name":"(anonymous_0)","decl":{"start":{"line":16,"column":26},"end":{"line":16,"column":27}},"loc":{"start":{"line":16,"column":63},"end":{"line":22,"column":1}},"line":16},"1":{"name":"(anonymous_1)","decl":{"start":{"line":18,"column":22},"end":{"line":18,"column":23}},"loc":{"start":{"line":18,"column":53},"end":{"line":20,"column":5}},"line":18},"2":{"name":"App","decl":{"start":{"line":35,"column":24},"end":{"line":35,"column":27}},"loc":{"start":{"line":35,"column":30},"end":{"line":43,"column":1}},"line":35}},"branchMap":{"0":{"loc":{"start":{"line":17,"column":2},"end":{"line":21,"column":3}},"type":"if","locations":[{"start":{"line":17,"column":2},"end":{"line":21,"column":3}},{"start":{},"end":{}}],"line":17}},"s":{"0":0,"1":0,"2":0,"3":0,"4":0,"5":0,"6":0,"7":0},"f":{"0":0,"1":0,"2":0},"b":{"0":[0,0]}}
,"E:\\ReactNative\\FMClarity\\CodeChallenge\\index.js": {"path":"E:\\ReactNative\\FMClarity\\CodeChallenge\\index.js","statementMap":{"0":{"start":{"line":8,"column":0},"end":{"line":8,"column":27}}},"fnMap":{},"branchMap":{},"s":{"0":0},"f":{},"b":{}}
,"E:\\ReactNative\\FMClarity\\CodeChallenge\\metro.config.js": {"path":"E:\\ReactNative\\FMClarity\\CodeChallenge\\metro.config.js","statementMap":{"0":{"start":{"line":1,"column":29},"end":{"line":1,"column":52}},"1":{"start":{"line":2,"column":38},"end":{"line":2,"column":73}},"2":{"start":{"line":3,"column":0},"end":{"line":9,"column":2}}},"fnMap":{},"branchMap":{},"s":{"0":0,"1":0,"2":0},"f":{},"b":{}}
,"E:\\ReactNative\\FMClarity\\CodeChallenge\\src\\components\\error.js": {"path":"E:\\ReactNative\\FMClarity\\CodeChallenge\\src\\components\\error.js","statementMap":{"0":{"start":{"line":4,"column":4},"end":{"line":8,"column":6}}},"fnMap":{"0":{"name":"Error","decl":{"start":{"line":3,"column":16},"end":{"line":3,"column":21}},"loc":{"start":{"line":3,"column":31},"end":{"line":9,"column":1}},"line":3}},"branchMap":{},"s":{"0":2},"f":{"0":2},"b":{},"_coverageSchema":"1a1c01bbd47fc00a2c39e90264f33305004495a9","hash":"5f48b2c3f0b10ca4ce819cabe62595faac0056f4"}
,"E:\\ReactNative\\FMClarity\\CodeChallenge\\src\\components\\loading.js": {"path":"E:\\ReactNative\\FMClarity\\CodeChallenge\\src\\components\\loading.js","statementMap":{"0":{"start":{"line":4,"column":4},"end":{"line":8,"column":6}}},"fnMap":{"0":{"name":"Loading","decl":{"start":{"line":3,"column":16},"end":{"line":3,"column":23}},"loc":{"start":{"line":3,"column":26},"end":{"line":9,"column":1}},"line":3}},"branchMap":{},"s":{"0":3},"f":{"0":3},"b":{},"_coverageSchema":"1a1c01bbd47fc00a2c39e90264f33305004495a9","hash":"c59cf66b3b54abd3597e33f753d6942e71a9f54e"}
,"E:\\ReactNative\\FMClarity\\CodeChallenge\\src\\components\\qrcode.js": {"path":"E:\\ReactNative\\FMClarity\\CodeChallenge\\src\\components\\qrcode.js","statementMap":{},"fnMap":{},"branchMap":{},"s":{},"f":{},"b":{}}
,"E:\\ReactNative\\FMClarity\\CodeChallenge\\src\\data\\data.js": {"path":"E:\\ReactNative\\FMClarity\\CodeChallenge\\src\\data\\data.js","statementMap":{"0":{"start":{"line":2,"column":20},"end":{"line":38,"column":1}}},"fnMap":{},"branchMap":{},"s":{"0":1},"f":{},"b":{},"_coverageSchema":"1a1c01bbd47fc00a2c39e90264f33305004495a9","hash":"c954e7cf8f69127c94826ba31ba441209abbd34f"}
,"E:\\ReactNative\\FMClarity\\CodeChallenge\\src\\graphql\\mutation.js": {"path":"E:\\ReactNative\\FMClarity\\CodeChallenge\\src\\graphql\\mutation.js","statementMap":{},"fnMap":{},"branchMap":{},"s":{},"f":{},"b":{}}
,"E:\\ReactNative\\FMClarity\\CodeChallenge\\src\\graphql\\query.js": {"path":"E:\\ReactNative\\FMClarity\\CodeChallenge\\src\\graphql\\query.js","statementMap":{"0":{"start":{"line":7,"column":31},"end":{"line":7,"column":84}}},"fnMap":{},"branchMap":{},"s":{"0":1},"f":{},"b":{},"_coverageSchema":"1a1c01bbd47fc00a2c39e90264f33305004495a9","hash":"6ccf781cea8d2157c5a90a65cc66aa13534e4fd0"}
,"E:\\ReactNative\\FMClarity\\CodeChallenge\\src\\navigation\\contractor_detail_navigation.js": {"path":"E:\\ReactNative\\FMClarity\\CodeChallenge\\src\\navigation\\contractor_detail_navigation.js","statementMap":{"0":{"start":{"line":6,"column":24},"end":{"line":6,"column":46}},"1":{"start":{"line":8,"column":35},"end":{"line":27,"column":1}},"2":{"start":{"line":9,"column":4},"end":{"line":26,"column":32}}},"fnMap":{"0":{"name":"(anonymous_0)","decl":{"start":{"line":8,"column":35},"end":{"line":8,"column":36}},"loc":{"start":{"line":8,"column":41},"end":{"line":27,"column":1}},"line":8}},"branchMap":{},"s":{"0":0,"1":0,"2":0},"f":{"0":0},"b":{}}
,"E:\\ReactNative\\FMClarity\\CodeChallenge\\src\\screens\\contractor_detail_screen.js": {"path":"E:\\ReactNative\\FMClarity\\CodeChallenge\\src\\screens\\contractor_detail_screen.js","statementMap":{"0":{"start":{"line":12,"column":31},"end":{"line":22,"column":1}},"1":{"start":{"line":13,"column":21},"end":{"line":13,"column":33}},"2":{"start":{"line":14,"column":4},"end":{"line":21,"column":11}},"3":{"start":{"line":24,"column":15},"end":{"line":49,"column":2}}},"fnMap":{"0":{"name":"(anonymous_0)","decl":{"start":{"line":12,"column":31},"end":{"line":12,"column":32}},"loc":{"start":{"line":12,"column":56},"end":{"line":22,"column":1}},"line":12}},"branchMap":{},"s":{"0":0,"1":0,"2":0,"3":0},"f":{"0":0},"b":{}}
,"E:\\ReactNative\\FMClarity\\CodeChallenge\\src\\screens\\contractor_list_screen.js": {"path":"E:\\ReactNative\\FMClarity\\CodeChallenge\\src\\screens\\contractor_list_screen.js","statementMap":{"0":{"start":{"line":20,"column":29},"end":{"line":57,"column":1}},"1":{"start":{"line":22,"column":37},"end":{"line":22,"column":62}},"2":{"start":{"line":23,"column":4},"end":{"line":25,"column":5}},"3":{"start":{"line":24,"column":8},"end":{"line":24,"column":25}},"4":{"start":{"line":27,"column":4},"end":{"line":29,"column":5}},"5":{"start":{"line":28,"column":8},"end":{"line":28,"column":37}},"6":{"start":{"line":30,"column":4},"end":{"line":30,"column":22}},"7":{"start":{"line":32,"column":4},"end":{"line":55,"column":6}},"8":{"start":{"line":40,"column":34},"end":{"line":40,"column":52}},"9":{"start":{"line":42,"column":16},"end":{"line":51,"column":35}},"10":{"start":{"line":42,"column":56},"end":{"line":42,"column":109}},"11":{"start":{"line":59,"column":15},"end":{"line":78,"column":2}}},"fnMap":{"0":{"name":"(anonymous_0)","decl":{"start":{"line":20,"column":29},"end":{"line":20,"column":30}},"loc":{"start":{"line":20,"column":47},"end":{"line":57,"column":1}},"line":20},"1":{"name":"(anonymous_1)","decl":{"start":{"line":40,"column":26},"end":{"line":40,"column":27}},"loc":{"start":{"line":40,"column":34},"end":{"line":40,"column":52}},"line":40},"2":{"name":"(anonymous_2)","decl":{"start":{"line":41,"column":26},"end":{"line":41,"column":27}},"loc":{"start":{"line":41,"column":38},"end":{"line":52,"column":13}},"line":41},"3":{"name":"(anonymous_3)","decl":{"start":{"line":42,"column":50},"end":{"line":42,"column":51}},"loc":{"start":{"line":42,"column":56},"end":{"line":42,"column":109}},"line":42}},"branchMap":{"0":{"loc":{"start":{"line":23,"column":4},"end":{"line":25,"column":5}},"type":"if","locations":[{"start":{"line":23,"column":4},"end":{"line":25,"column":5}},{"start":{},"end":{}}],"line":23},"1":{"loc":{"start":{"line":27,"column":4},"end":{"line":29,"column":5}},"type":"if","locations":[{"start":{"line":27,"column":4},"end":{"line":29,"column":5}},{"start":{},"end":{}}],"line":27}},"s":{"0":1,"1":6,"2":6,"3":3,"4":3,"5":2,"6":1,"7":1,"8":1,"9":1,"10":0,"11":1},"f":{"0":6,"1":1,"2":1,"3":0},"b":{"0":[3,3],"1":[2,1]},"_coverageSchema":"1a1c01bbd47fc00a2c39e90264f33305004495a9","hash":"7dcc85b460687cd269d67c67d4e85e310178837d"}
,"E:\\ReactNative\\FMClarity\\CodeChallenge\\src\\utils\\constants.js": {"path":"E:\\ReactNative\\FMClarity\\CodeChallenge\\src\\utils\\constants.js","statementMap":{"0":{"start":{"line":1,"column":25},"end":{"line":4,"column":1}}},"fnMap":{},"branchMap":{},"s":{"0":1},"f":{},"b":{},"_coverageSchema":"1a1c01bbd47fc00a2c39e90264f33305004495a9","hash":"56f7806cdf23c0ca866a53ea18377cdb06cc62f4"}
}
